#
# There is insufficient memory for the Java Runtime Environment to continue.
# Native memory allocation (mmap) failed to map 130023424 bytes for G1 virtual space
# Possible reasons:
#   The system is out of physical RAM or swap space
#   The process is running with CompressedOops enabled, and the Java Heap may be blocking the growth of the native heap
# Possible solutions:
#   Reduce memory load on the system
#   Increase physical memory or swap space
#   Check if swap backing store is full
#   Decrease Java heap size (-Xmx/-Xms)
#   Decrease number of Java threads
#   Decrease Java thread stack sizes (-Xss)
#   Set larger code cache with -XX:ReservedCodeCacheSize=
#   JVM is running with Unscaled Compressed Oops mode in which the Java heap is
#     placed in the first 4GB address space. The Java Heap base address is the
#     maximum limit for the native heap growth. Please use -XX:HeapBaseMinAddress
#     to set the Java Heap base and to place the Java Heap above 4GB virtual address.
# This output file may be truncated or incomplete.
#
#  Out of Memory Error (os_windows.cpp:3603), pid=1232, tid=20036
#
# JRE version:  (21.0.6+8) (build )
# Java VM: Java HotSpot(TM) 64-Bit Server VM (21.0.6+8-LTS-188, mixed mode, sharing, tiered, compressed oops, compressed class ptrs, g1 gc, windows-amd64)
# No core dump will be written. Minidumps are not enabled by default on client versions of Windows
#

---------------  S U M M A R Y ------------

Command Line: -Dnet.bytebuddy.agent.attacher.dump= net.bytebuddy.agent.Attacher com.sun.tools.attach.VirtualMachine 21068 C:\Users\holuw\.m2\repository\net\bytebuddy\byte-buddy-agent\1.15.11\byte-buddy-agent-1.15.11.jar false 

Host: Intel(R) Core(TM) i5-6300U CPU @ 2.40GHz, 4 cores, 7G,  Windows 10 , 64 bit Build 19041 (10.0.19041.5678)
Time: Thu Apr 17 11:58:42 2025 W. Central Africa Standard Time elapsed time: 0.032494 seconds (0d 0h 0m 0s)

---------------  T H R E A D  ---------------

Current thread (0x00000208d0c68710):  JavaThread "Unknown thread" [_thread_in_vm, id=20036, stack(0x0000008b15e00000,0x0000008b15f00000) (1024K)]

Stack: [0x0000008b15e00000,0x0000008b15f00000]
Native frames: (J=compiled Java code, j=interpreted, Vv=VM code, C=native code)
V  [jvm.dll+0x6ca6d9]
V  [jvm.dll+0x854f51]
V  [jvm.dll+0x85747e]
V  [jvm.dll+0x857b53]
V  [jvm.dll+0x27dcc6]
V  [jvm.dll+0x6c6e55]
V  [jvm.dll+0x6bb9da]
V  [jvm.dll+0x35393a]
V  [jvm.dll+0x35b596]
V  [jvm.dll+0x3adefe]
V  [jvm.dll+0x3ae1a8]
V  [jvm.dll+0x327cbc]
V  [jvm.dll+0x32881b]
V  [jvm.dll+0x81e309]
V  [jvm.dll+0x3babe1]
V  [jvm.dll+0x807658]
V  [jvm.dll+0x44fdae]
V  [jvm.dll+0x4519a1]
C  [jli.dll+0x52a3]
C  [ucrtbase.dll+0x21bb2]
C  [KERNEL32.DLL+0x17374]
C  [ntdll.dll+0x4cc91]


---------------  P R O C E S S  ---------------

Threads class SMR info:
_java_thread_list=0x00007ffa493dcc08, length=0, elements={
}

Java Threads: ( => current thread )
Total: 0

Other Threads:
  0x00000208d2dfc710 WorkerThread "GC Thread#0"                     [id=10756, stack(0x0000008b15f00000,0x0000008b16000000) (1024K)]
  0x00000208d2e0db10 ConcurrentGCThread "G1 Main Marker"            [id=10436, stack(0x0000008b16000000,0x0000008b16100000) (1024K)]
  0x00000208d2e102f0 WorkerThread "G1 Conc#0"                       [id=20408, stack(0x0000008b16100000,0x0000008b16200000) (1024K)]

[error occurred during error reporting (printing all threads), id 0xc0000005, EXCEPTION_ACCESS_VIOLATION (0xc0000005) at pc=0x00007ffa48b4a427]
VM state: not at safepoint (not fully initialized)

VM Mutex/Monitor currently owned by a thread:  ([mutex/lock_event])
[0x00007ffa4944df98] Heap_lock - owner thread: 0x00000208d0c68710

Heap address: 0x0000000085800000, size: 1960 MB, Compressed Oops mode: 32-bit

CDS archive(s) mapped at: [0x0000000000000000-0x0000000000000000-0x0000000000000000), size 0, SharedBaseAddress: 0x0000000800000000, ArchiveRelocationMode: 1.
Narrow klass base: 0x0000000000000000, Narrow klass shift: 0, Narrow klass range: 0x0

GC Precious Log:
 CardTable entry size: 512
 Card Set container configuration: InlinePtr #cards 5 size 8 Array Of Cards #cards 12 size 40 Howl #buckets 4 coarsen threshold 1843 Howl Bitmap #cards 512 size 80 coarsen threshold 460 Card regions per heap region 1 cards per card region 2048

Heap:
 garbage-first heap   total 0K, used 0K [0x0000000085800000, 0x0000000100000000)
  region size 1024K, 0 young (0K), 0 survivors (0K)

[error occurred during error reporting (printing heap information), id 0xc0000005, EXCEPTION_ACCESS_VIOLATION (0xc0000005) at pc=0x00007ffa48f336a9]
GC Heap History (0 events):
No events

Dll operation events (1 events):
Event: 0.019 Loaded shared library C:\Program Files\Java\jdk-21\bin\java.dll

Deoptimization events (0 events):
No events

Classes loaded (0 events):
No events

Classes unloaded (0 events):
No events

Classes redefined (0 events):
No events

Internal exceptions (0 events):
No events

ZGC Phase Switch (0 events):
No events

VM Operations (0 events):
No events

Events (0 events):
No events


Dynamic libraries:
0x00007ff6aceb0000 - 0x00007ff6acec0000 	C:\Program Files\Java\jdk-21\bin\java.exe
0x00007ffb05570000 - 0x00007ffb05768000 	C:\WINDOWS\SYSTEM32\ntdll.dll
0x00007ffb04480000 - 0x00007ffb04542000 	C:\WINDOWS\System32\KERNEL32.DLL
0x00007ffb02ea0000 - 0x00007ffb03196000 	C:\WINDOWS\System32\KERNELBASE.dll
0x00007ffb02d00000 - 0x00007ffb02e00000 	C:\WINDOWS\System32\ucrtbase.dll
0x00007ffae5410000 - 0x00007ffae5429000 	C:\Program Files\Java\jdk-21\bin\jli.dll
0x00007ffada1e0000 - 0x00007ffada1fb000 	C:\Program Files\Java\jdk-21\bin\VCRUNTIME140.dll
0x00007ffb036a0000 - 0x00007ffb0374f000 	C:\WINDOWS\System32\ADVAPI32.dll
0x00007ffb04ba0000 - 0x00007ffb04c3e000 	C:\WINDOWS\System32\msvcrt.dll
0x00007ffb05420000 - 0x00007ffb054bf000 	C:\WINDOWS\System32\sechost.dll
0x00007ffb03a80000 - 0x00007ffb03ba3000 	C:\WINDOWS\System32\RPCRT4.dll
0x00007ffb02c50000 - 0x00007ffb02c77000 	C:\WINDOWS\System32\bcrypt.dll
0x00007ffb038e0000 - 0x00007ffb03a7d000 	C:\WINDOWS\System32\USER32.dll
0x00007ffb03400000 - 0x00007ffb03422000 	C:\WINDOWS\System32\win32u.dll
0x00007ffb03820000 - 0x00007ffb0384b000 	C:\WINDOWS\System32\GDI32.dll
0x00007ffb031a0000 - 0x00007ffb032ba000 	C:\WINDOWS\System32\gdi32full.dll
0x00007ffb02e00000 - 0x00007ffb02e9d000 	C:\WINDOWS\System32\msvcp_win.dll
0x00007ffaeeee0000 - 0x00007ffaef17a000 	C:\WINDOWS\WinSxS\amd64_microsoft.windows.common-controls_6595b64144ccf1df_6.0.19041.4355_none_60b8b9eb71f62e16\COMCTL32.dll
0x00007ffaf62d0000 - 0x00007ffaf62da000 	C:\WINDOWS\SYSTEM32\VERSION.dll
0x00007ffb04ca0000 - 0x00007ffb04ccf000 	C:\WINDOWS\System32\IMM32.DLL
0x00007ffada240000 - 0x00007ffada24c000 	C:\Program Files\Java\jdk-21\bin\vcruntime140_1.dll
0x00007ffab43e0000 - 0x00007ffab446e000 	C:\Program Files\Java\jdk-21\bin\msvcp140.dll
0x00007ffa48810000 - 0x00007ffa4952a000 	C:\Program Files\Java\jdk-21\bin\server\jvm.dll
0x00007ffb05200000 - 0x00007ffb0526b000 	C:\WINDOWS\System32\WS2_32.dll
0x00007ffb02ae0000 - 0x00007ffb02b2b000 	C:\WINDOWS\SYSTEM32\POWRPROF.dll
0x00007ffaec7d0000 - 0x00007ffaec7f7000 	C:\WINDOWS\SYSTEM32\WINMM.dll
0x00007ffb02a40000 - 0x00007ffb02a52000 	C:\WINDOWS\SYSTEM32\UMPDC.dll
0x00007ffb013e0000 - 0x00007ffb013f2000 	C:\WINDOWS\SYSTEM32\kernel.appcore.dll
0x00007ffada1d0000 - 0x00007ffada1da000 	C:\Program Files\Java\jdk-21\bin\jimage.dll
0x00007ffb00920000 - 0x00007ffb00b04000 	C:\WINDOWS\SYSTEM32\DBGHELP.DLL
0x00007ffade220000 - 0x00007ffade254000 	C:\WINDOWS\SYSTEM32\dbgcore.DLL
0x00007ffb03370000 - 0x00007ffb033f2000 	C:\WINDOWS\System32\bcryptPrimitives.dll
0x00007ffada1b0000 - 0x00007ffada1cf000 	C:\Program Files\Java\jdk-21\bin\java.dll

dbghelp: loaded successfully - version: 4.0.5 - missing functions: none
symbol engine: initialized successfully - sym options: 0x614 - pdb path: .;C:\Program Files\Java\jdk-21\bin;C:\WINDOWS\SYSTEM32;C:\WINDOWS\WinSxS\amd64_microsoft.windows.common-controls_6595b64144ccf1df_6.0.19041.4355_none_60b8b9eb71f62e16;C:\Program Files\Java\jdk-21\bin\server

VM Arguments:
jvm_args: -Dnet.bytebuddy.agent.attacher.dump= 
java_command: net.bytebuddy.agent.Attacher com.sun.tools.attach.VirtualMachine 21068 C:\Users\holuw\.m2\repository\net\bytebuddy\byte-buddy-agent\1.15.11\byte-buddy-agent-1.15.11.jar false 
java_class_path (initial): C:\Users\holuw\.m2\repository\net\bytebuddy\byte-buddy-agent\1.15.11\byte-buddy-agent-1.15.11.jar
Launcher Type: SUN_STANDARD

[Global flags]
     intx CICompilerCount                          = 3                                         {product} {ergonomic}
     uint ConcGCThreads                            = 1                                         {product} {ergonomic}
     uint G1ConcRefinementThreads                  = 4                                         {product} {ergonomic}
   size_t G1HeapRegionSize                         = 1048576                                   {product} {ergonomic}
    uintx GCDrainStackTargetSize                   = 64                                        {product} {ergonomic}
   size_t InitialHeapSize                          = 130023424                                 {product} {ergonomic}
   size_t MarkStackSize                            = 4194304                                   {product} {ergonomic}
   size_t MaxHeapSize                              = 2055208960                                {product} {ergonomic}
   size_t MinHeapDeltaBytes                        = 1048576                                   {product} {ergonomic}
   size_t MinHeapSize                              = 8388608                                   {product} {ergonomic}
    uintx NonNMethodCodeHeapSize                   = 5832780                                {pd product} {ergonomic}
    uintx NonProfiledCodeHeapSize                  = 122912730                              {pd product} {ergonomic}
    uintx ProfiledCodeHeapSize                     = 122912730                              {pd product} {ergonomic}
    uintx ReservedCodeCacheSize                    = 251658240                              {pd product} {ergonomic}
     bool SegmentedCodeCache                       = true                                      {product} {ergonomic}
   size_t SoftMaxHeapSize                          = 2055208960                             {manageable} {ergonomic}
     bool UseCompressedOops                        = true                           {product lp64_product} {ergonomic}
     bool UseG1GC                                  = true                                      {product} {ergonomic}
     bool UseLargePagesIndividualAllocation        = false                                  {pd product} {ergonomic}

Logging:
Log output configuration:
 #0: stdout all=warning uptime,level,tags foldmultilines=false
 #1: stderr all=off uptime,level,tags foldmultilines=false

Environment Variables:
PATH=C:\Python313\Scripts\;C:\Python313\;C:\Program Files\Common Files\Oracle\Java\javapath;C:\WINDOWS\system32;C:\WINDOWS;C:\WINDOWS\System32\Wbem;C:\WINDOWS\System32\WindowsPowerShell\v1.0\;C:\WINDOWS\System32\OpenSSH\;C:\Program Files\Git\cmd;C:\ProgramData\chocolatey\bin;C:\Program Files\Docker\Docker\resources\bin;C:\Program Files\nodejs\;C:\Users\holuw\.cargo\bin;C:\Users\holuw\AppData\Local\Microsoft\WindowsApps;;C:\Program Files\JetBrains\IntelliJ IDEA 2024.2.0.1\bin;;C:\Users\holuw\AppData\Local\Programs\Microsoft VS Code\bin;C:\Users\holuw\AppData\Roaming\npm;C:\Program Files\JetBrains\PyCharm 2024.2\bin;
USERNAME=holuw
OS=Windows_NT
PROCESSOR_IDENTIFIER=Intel64 Family 6 Model 78 Stepping 3, GenuineIntel
TMP=C:\Users\holuw\AppData\Local\Temp
TEMP=C:\Users\holuw\AppData\Local\Temp




Periodic native trim disabled

---------------  S Y S T E M  ---------------

OS:
 Windows 10 , 64 bit Build 19041 (10.0.19041.5678)
OS uptime: 0 days 12:48 hours
Hyper-V role detected

CPU: total 4 (initial active 4) (2 cores per cpu, 2 threads per core) family 6 model 78 stepping 3 microcode 0xcc, cx8, cmov, fxsr, ht, mmx, 3dnowpref, sse, sse2, sse3, ssse3, sse4.1, sse4.2, popcnt, lzcnt, tsc, tscinvbit, avx, avx2, aes, erms, clmul, bmi1, bmi2, rtm, adx, fma, vzeroupper, clflush, clflushopt, hv, rdtscp, f16c
Processor Information for all 4 processors :
  Max Mhz: 2501, Current Mhz: 2501, Mhz Limit: 2501

Memory: 4k page, system-wide physical 7838M (505M free)
TotalPageFile size 31353M (AvailPageFile size 110M)
current process WorkingSet (physical memory assigned to process): 10M, peak: 10M
current process commit charge ("private bytes"): 51M, peak: 175M

vm_info: Java HotSpot(TM) 64-Bit Server VM (21.0.6+8-LTS-188) for windows-amd64 JRE (21.0.6+8-LTS-188), built on 2024-12-03T10:50:54Z by "mach5one" with MS VC++ 17.6 (VS2022)

END.
